\BOOKMARK [1][-]{section.1}{Einleitung}{}% 1
\BOOKMARK [1][-]{section.2}{Terminologie \046 grundlegender Algorithmus}{}% 2
\BOOKMARK [2][-]{subsection.2.1}{grundlegende Definitionen}{section.2}% 3
\BOOKMARK [2][-]{subsection.2.2}{Kern Algorithmus}{section.2}% 4
\BOOKMARK [1][-]{section.3}{FPTAS und Heuristik}{}% 5
\BOOKMARK [2][-]{subsection.3.1}{Tradeoffprobleme}{section.3}% 6
\BOOKMARK [2][-]{subsection.3.2}{Highfanoutknoten}{section.3}% 7
\BOOKMARK [3][-]{subsubsection.3.2.1}{Klonen}{subsection.3.2}% 8
\BOOKMARK [3][-]{subsubsection.3.2.2}{Verkn\374pfen von Kandidaten}{subsection.3.2}% 9
\BOOKMARK [2][-]{subsection.3.3}{zu lange Kanten}{section.3}% 10
\BOOKMARK [2][-]{subsection.3.4}{Teilweise \374berfl\374ssige Subcircuits}{section.3}% 11
\BOOKMARK [2][-]{subsection.3.5}{Matchingprobleme}{section.3}% 12
\BOOKMARK [3][-]{subsubsection.3.5.1}{Anzahl Matchings}{subsection.3.5}% 13
\BOOKMARK [3][-]{subsubsection.3.5.2}{Matching Suche in polynomieller Zeit}{subsection.3.5}% 14
\BOOKMARK [2][-]{subsection.3.6}{FPTAS und Heuristik}{section.3}% 15
\BOOKMARK [3][-]{subsubsection.3.6.1}{Filtern mit Buckets}{subsection.3.6}% 16
\BOOKMARK [3][-]{subsubsection.3.6.2}{FPTAS}{subsection.3.6}% 17
\BOOKMARK [3][-]{subsubsection.3.6.3}{Heuristik}{subsection.3.6}% 18
\BOOKMARK [1][-]{section.4}{Allgemeine Circuits}{}% 19
\BOOKMARK [2][-]{subsection.4.1}{required Arrivaltimes}{section.4}% 20
\BOOKMARK [2][-]{subsection.4.2}{pinabh\344ngiges Delay}{section.4}% 21
\BOOKMARK [2][-]{subsection.4.3}{Mehrere Outputs}{section.4}% 22
\BOOKMARK [2][-]{subsection.4.4}{Allgemeiner Algorithmus}{section.4}% 23
\BOOKMARK [1][-]{section.5}{Premapping von Highfanoutknoten}{}% 24
\BOOKMARK [2][-]{subsection.5.1}{triviales Premapping}{section.5}% 25
\BOOKMARK [2][-]{subsection.5.2}{erweitertes Premapping}{section.5}% 26
\BOOKMARK [2][-]{subsection.5.3}{Premapping durch Sch\344tzen}{section.5}% 27
\BOOKMARK [1][-]{section.6}{Pr\344prozessing zus\344tzliche Addons}{}% 28
\BOOKMARK [1][-]{section.7}{Weitere Optimierungskriterien}{}% 29
\BOOKMARK [1][-]{section.8}{Version der Heuristik, welche obige Kriterien beherzigt}{}% 30
\BOOKMARK [1][-]{section.9}{Ressource Sharing}{}% 31
\BOOKMARK [1][-]{section.10}{Laufzeitanalyse}{}% 32
\BOOKMARK [2][-]{subsection.10.1}{Struktur realer Instanzen}{section.10}% 33
\BOOKMARK [2][-]{subsection.10.2}{Analyse der Ergebnisse}{section.10}% 34
\BOOKMARK [2][-]{subsection.10.3}{Laufzeitanalyse}{section.10}% 35
\BOOKMARK [1][-]{section.11}{Fazit und Ausblick}{}% 36
